<?xml version="1.0" encoding="UTF-8"?>
<!-- Generated by org.testng.reporters.JUnitXMLReporter -->
<testsuite ignored="0" hostname="APT04-1P1LSN2" failures="2" tests="3" name="ErrorHandling Test" time="81.413" errors="0" timestamp="09 Nov 2022 02:38:37 GMT">
  <testcase classname="PageobjectSteps.ErrorHandlingTest" name="LoginErrorValidation" time="22.296">
    <skipped/>
  </testcase> <!-- LoginErrorValidation -->
  <testcase classname="PageobjectSteps.ErrorHandlingTest" name="LoginErrorValidation" time="0.958">
    <failure type="java.lang.AssertionError" message="expected [Incorrect email  password.] but found [Incorrect email or password.]">
      <![CDATA[java.lang.AssertionError: expected [Incorrect email  password.] but found [Incorrect email or password.]
at PageobjectSteps.ErrorHandlingTest.LoginErrorValidation(ErrorHandlingTest.java:39)
at java.base/java.util.concurrent.FutureTask.run(FutureTask.java:264)
at java.base/java.util.concurrent.ThreadPoolExecutor.runWorker(ThreadPoolExecutor.java:1130)
at java.base/java.util.concurrent.ThreadPoolExecutor$Worker.run(ThreadPoolExecutor.java:630)
at java.base/java.lang.Thread.run(Thread.java:832)
... Removed 22 stack frames]]>
    </failure>
  </testcase> <!-- LoginErrorValidation -->
  <testcase classname="PageobjectSteps.ErrorHandlingTest" name="ProductErrorValidation" time="0.671">
    <failure type="java.lang.NullPointerException" message="Cannot invoke &amp;quot;org.openqa.selenium.WebElement.findElement(org.openqa.selenium.By)&amp;quot; because &amp;quot;Prod&amp;quot; is null">
      <![CDATA[java.lang.NullPointerException: Cannot invoke "org.openqa.selenium.WebElement.findElement(org.openqa.selenium.By)" because "Prod" is null
at PageobjectPages.ProductCatalogue.addProductToCart(ProductCatalogue.java:56)
at PageobjectSteps.ErrorHandlingTest.ProductErrorValidation(ErrorHandlingTest.java:55)
at java.base/java.util.concurrent.FutureTask.run(FutureTask.java:264)
at java.base/java.util.concurrent.ThreadPoolExecutor.runWorker(ThreadPoolExecutor.java:1130)
at java.base/java.util.concurrent.ThreadPoolExecutor$Worker.run(ThreadPoolExecutor.java:630)
at java.base/java.lang.Thread.run(Thread.java:832)
... Removed 16 stack frames]]>
    </failure>
  </testcase> <!-- ProductErrorValidation -->
</testsuite> <!-- ErrorHandling Test -->
